[2017-04-05 23-01-57] Warning: require_once(/mnt/web222/e3/13/53854413/htdocs/testbereich\module\Media\config\fileBrowserConfig.php): failed to open stream: No such file or directory in /mnt/web222/e3/13/53854413/htdocs/testbereich/module/Media/src/Media/Controller/FileBrowserController.php:112  @  http://testzweck.schwarze-ritter-augsburg.com/media/filebrowser/action?mode=initiate&time=1491426115684  @@  exception--2017-04-05--23-01--9aa671cc5a.html
[2017-04-05 23-02-38] Warning: require_once(/mnt/web222/e3/13/53854413/htdocs/testbereich\module\Media\config\fileBrowserConfig.php): failed to open stream: No such file or directory in /mnt/web222/e3/13/53854413/htdocs/testbereich/module/Media/src/Media/Controller/FileBrowserController.php:112  @  http://testzweck.schwarze-ritter-augsburg.com/media/filebrowser/action?mode=initiate&time=1491426156141  @@  exception--2017-04-05--23-01--9aa671cc5a.html
[2017-04-05 21-13-19] Warning: unlink(/mnt/web222/e3/13/53854413/htdocs/testbereich/Data/gallery/2016/default): Not owner in /mnt/web222/e3/13/53854413/htdocs/testbereich/module/Media/src/Media/Service/MediaService.php:378  @  http://testzweck.schwarze-ritter-augsburg.com/media/filebrowser/action?mode=delete&path=%2Fgallery%2F2016%2Fdefault%2F&time=1491426797511  @@  exception--2017-04-05--21-13--02d09c1c04.html
[2017-04-05 21-15-40] Warning: unlink(/mnt/web222/e3/13/53854413/htdocs/testbereich/Data/_trash/default): Not owner in /mnt/web222/e3/13/53854413/htdocs/testbereich/module/Media/src/Media/Service/MediaService.php:378  @  http://testzweck.schwarze-ritter-augsburg.com/media/filebrowser/action?mode=delete&path=%2F_trash%2Fdefault%2F&time=1491426938753  @@  exception--2017-04-05--21-15--95d9dd45b7.html
[2017-04-06 17-47-46] Fatal Error: Using $this when not in object context in D:\Web\Webprojekte\SRzA\public\index.php:39  @  http://localhost/media/image//gallery/2016/Doctors.png  @@  exception--2017-04-06--17-47--3eda4c76d3.html
[2017-04-06 17-47-47] Fatal Error: Using $this when not in object context in D:\Web\Webprojekte\SRzA\public\index.php:39  @  http://localhost/media/image//gallery/2016/great-tardis-interior-wallpaper-3-doctor-who-tardis-interior-1920-x-1200.jpg  @@  exception--2017-04-06--17-47--3eda4c76d3.html
[2017-04-06 17-47-47] Fatal Error: Using $this when not in object context in D:\Web\Webprojekte\SRzA\public\index.php:39  @  http://localhost/media/image//gallery/2016/Versions_of_the_Doctor.jpg  @@  exception--2017-04-06--17-47--3eda4c76d3.html
[2017-04-06 17-47-47] Fatal Error: Using $this when not in object context in D:\Web\Webprojekte\SRzA\public\index.php:39  @  http://localhost/media/image//gallery/2016/hermione-norris.jpg  @@  exception--2017-04-06--17-47--3eda4c76d3.html
[2017-04-06 17-47-47] Fatal Error: Using $this when not in object context in D:\Web\Webprojekte\SRzA\public\index.php:39  @  http://localhost/media/image//gallery/2016/imgres.jpg  @@  exception--2017-04-06--17-47--3eda4c76d3.html
[2017-04-06 17-47-47] Fatal Error: Using $this when not in object context in D:\Web\Webprojekte\SRzA\public\index.php:39  @  http://localhost/media/image//gallery/2016/image2.jpg  @@  exception--2017-04-06--17-47--3eda4c76d3.html
[2017-04-06 17-47-47] Fatal Error: Using $this when not in object context in D:\Web\Webprojekte\SRzA\public\index.php:39  @  http://localhost/media/image//gallery/2016/testimage2.jpg  @@  exception--2017-04-06--17-47--3eda4c76d3.html
[2017-04-06 17-47-47] Fatal Error: Using $this when not in object context in D:\Web\Webprojekte\SRzA\public\index.php:39  @  http://localhost/media/image//gallery/2016/testimage.jpg  @@  exception--2017-04-06--17-47--3eda4c76d3.html
[2017-04-06 17-47-47] Fatal Error: Using $this when not in object context in D:\Web\Webprojekte\SRzA\public\index.php:39  @  http://localhost/media/image//gallery/2016/tmp535113395834191872.jpg  @@  exception--2017-04-06--17-47--3eda4c76d3.html
[2017-04-06 17-47-52] Fatal Error: Using $this when not in object context in D:\Web\Webprojekte\SRzA\public\index.php:39  @  http://localhost/media/image//gallery/2016/great-tardis-interior-wallpaper-3-doctor-who-tardis-interior-1920-x-1200.jpg  @@  exception--2017-04-06--17-47--3eda4c76d3.html
[2017-04-06 17-47-52] Fatal Error: Using $this when not in object context in D:\Web\Webprojekte\SRzA\public\index.php:39  @  http://localhost/media/image//gallery/2016/Doctors.png  @@  exception--2017-04-06--17-47--3eda4c76d3.html
[2017-04-06 17-47-53] Fatal Error: Using $this when not in object context in D:\Web\Webprojekte\SRzA\public\index.php:39  @  http://localhost/media/image//gallery/2016/hermione-norris.jpg  @@  exception--2017-04-06--17-47--3eda4c76d3.html
[2017-04-06 17-47-53] Fatal Error: Using $this when not in object context in D:\Web\Webprojekte\SRzA\public\index.php:39  @  http://localhost/media/image//gallery/2016/image2.jpg  @@  exception--2017-04-06--17-47--3eda4c76d3.html
[2017-04-06 17-47-53] Fatal Error: Using $this when not in object context in D:\Web\Webprojekte\SRzA\public\index.php:39  @  http://localhost/media/image//gallery/2016/Versions_of_the_Doctor.jpg  @@  exception--2017-04-06--17-47--3eda4c76d3.html
[2017-04-06 17-47-53] Fatal Error: Using $this when not in object context in D:\Web\Webprojekte\SRzA\public\index.php:39  @  http://localhost/media/image//gallery/2016/imgres.jpg  @@  exception--2017-04-06--17-47--3eda4c76d3.html
[2017-04-06 17-47-53] Fatal Error: Using $this when not in object context in D:\Web\Webprojekte\SRzA\public\index.php:39  @  http://localhost/media/image//gallery/2016/testimage2.jpg  @@  exception--2017-04-06--17-47--3eda4c76d3.html
[2017-04-06 17-47-53] Fatal Error: Using $this when not in object context in D:\Web\Webprojekte\SRzA\public\index.php:39  @  http://localhost/media/image//gallery/2016/testimage.jpg  @@  exception--2017-04-06--17-47--3eda4c76d3.html
[2017-04-06 17-47-53] Fatal Error: Using $this when not in object context in D:\Web\Webprojekte\SRzA\public\index.php:39  @  http://localhost/media/image//gallery/2016/tmp535113395834191872.jpg  @@  exception--2017-04-06--17-47--3eda4c76d3.html
[2017-04-06 17-47-53] Fatal Error: Using $this when not in object context in D:\Web\Webprojekte\SRzA\public\index.php:39  @  http://localhost/media/image//gallery/2016/Doctors.png  @@  exception--2017-04-06--17-47--3eda4c76d3.html
[2017-04-07 17-23-26] Notice: Undefined variable: page in D:\Web\Webprojekte\SRzA\module\Cms\view\cms\page\index.phtml:2  @  http://localhost/impressum  @@  exception--2017-04-07--17-23--1c5ea6cb17.html
[2017-04-07 17-23-53] Notice: Undefined variable: page in D:\Web\Webprojekte\SRzA\module\Cms\view\cms\page\index.phtml:2  @  http://localhost/impressum  @@  exception--2017-04-07--17-23--1c5ea6cb17.html
[2017-04-07 17-28-39] Fatal Error: Call to undefined method Cms\Model\Post::toArray() in D:\Web\Webprojekte\SRzA\module\Cms\src\Cms\Controller\PageController.php:57  @  http://localhost/impressum  @@  exception--2017-04-07--17-28--f471055765.html
[2017-04-13 18-12-14] LogicException: Tracy\Debugger::dispatch() called after some output has been sent. Try Tracy\OutputDebugger to find where output started. in G:\Projects\christoph\SRzA\vendor\tracy\tracy\src\Tracy\Debugger.php:204  @  http://localhost/website/json  @@  exception--2017-04-13--18-12--9f1a8252ad.html
[2017-04-13 18-13-09] LogicException: Tracy\Debugger::dispatch() called after some output has been sent. Try Tracy\OutputDebugger to find where output started. in G:\Projects\christoph\SRzA\vendor\tracy\tracy\src\Tracy\Debugger.php:204  @  http://localhost/website/json  @@  exception--2017-04-13--18-12--9f1a8252ad.html
[2017-04-13 18-14-08] LogicException: Tracy\Debugger::dispatch() called after some output has been sent. Try Tracy\OutputDebugger to find where output started. in G:\Projects\christoph\SRzA\vendor\tracy\tracy\src\Tracy\Debugger.php:204  @  http://localhost/website/json  @@  exception--2017-04-13--18-12--9f1a8252ad.html
[2017-04-13 20-18-52] Fatal Error: Class 'Application\Controller\JsonModel' not found in G:\Projects\christoph\SRzA\module\Application\src\Application\Controller\SystemController.php:36  @  http://localhost/website/json  @@  exception--2017-04-13--20-18--889012fbfb.html
[2017-04-13 20-20-55] Notice: Trying to get property of non-object in G:\Projects\christoph\SRzA\module\Application\src\Application\Controller\SystemController.php:39  @  http://localhost/website/json  @@  exception--2017-04-13--20-20--83c0ff8545.html
[2017-04-13 20-20-58] Notice: Trying to get property of non-object in G:\Projects\christoph\SRzA\module\Application\src\Application\Controller\SystemController.php:39  @  http://localhost/website/json  @@  exception--2017-04-13--20-20--83c0ff8545.html
[2017-04-13 20-21-02] Notice: Trying to get property of non-object in G:\Projects\christoph\SRzA\module\Application\src\Application\Controller\SystemController.php:39  @  http://localhost/website/json  @@  exception--2017-04-13--20-20--83c0ff8545.html
[2017-04-13 20-21-25] Warning: Illegal string offset 'method' in G:\Projects\christoph\SRzA\module\Application\src\Application\Controller\SystemController.php:39  @  http://localhost/website/json  @@  exception--2017-04-13--20-21--df89e55f6e.html
